<html>
<body>
<pre>
<h1>µVision Build Log</h1>
<h2>Tool Versions:</h2>
IDE-Version: ¦ÌVision V5.20.0.0
Copyright (C) 2016 ARM Ltd and ARM Germany GmbH. All rights reserved.
License Information: LY LY PC, ly, LIC=14HLQ-N54GN-8F4IE-5T3SG-D4AUR-3CSXI
 
Tool Versions:
Toolchain:       MDK-ARM Plus  Version: 5.20
Toolchain Path:  D:\Program Files\MDK\ARM\ARMCC\Bin
C Compiler:      Armcc.exe V5.06 update 2 (build 183)
Assembler:       Armasm.exe V5.06 update 2 (build 183)
Linker/Locator:  ArmLink.exe V5.06 update 2 (build 183)
Library Manager: ArmAr.exe V5.06 update 2 (build 183)
Hex Converter:   FromElf.exe V5.06 update 2 (build 183)
CPU DLL:         SARMCM3.DLL V5.20
Dialog DLL:      DCM.DLL V1.13.7.0
Target DLL:      Segger\JL2CM3.dll V2.99.20.0
Dialog DLL:      TCM.DLL V1.14.9.0
 
<h2>Project:</h2>
F:\Embedded_Technology\NRF_Series\workspace\NRF52832_ble_demo\project\mdk5\NRF52832_First_Demo.uvprojx
Project File Date:  07/29/2020

<h2>Output:</h2>
*** Using Compiler 'V5.06 update 2 (build 183)', folder: 'D:\Program Files\MDK\ARM\ARMCC\Bin'
Build target 'NRF52832'
compiling drv_rtc.c...
..\..\components\libraries\timer\drv_rtc.c(74): error:  #94-D: the size of an array must be greater than zero
  static drv_rtc_handler_t m_handlers[DRV_RTC_ENABLED_COUNT];
..\..\components\libraries\timer\drv_rtc.c(75): error:  #94-D: the size of an array must be greater than zero
  static drv_rtc_cb_t      m_cb[DRV_RTC_ENABLED_COUNT];
..\..\components\libraries\timer\drv_rtc.c(74): warning:  #550-D: variable "m_handlers" was set but never used
  static drv_rtc_handler_t m_handlers[DRV_RTC_ENABLED_COUNT];
..\..\components\libraries\timer\drv_rtc.c: 1 warning, 2 errors
compiling app_timer2.c...
..\..\components\libraries\timer\app_timer2.c(72): error:  #20: identifier "DRV_RTC_RTC1_INST_IDX" is undefined
  static drv_rtc_t m_rtc_inst = 
RV_RTC_INSTANCE(1);
..\..\components\libraries\timer\app_timer2.c(132): error:  #136: struct "app_timer_t" has no field "list_item"
      app_timer_t * p0 = 
ONTAINER_OF(p_item0, app_timer_t, list_item);
..\..\components\libraries\timer\app_timer2.c(133): error:  #136: struct "app_timer_t" has no field "list_item"
      app_timer_t * p1 = 
ONTAINER_OF(p_item1, app_timer_t, list_item);
..\..\components\libraries\timer\app_timer2.c(135): error:  #136: struct "app_timer_t" has no field "end_val"
      uint64_t p0_end = p0->end_val;
..\..\components\libraries\timer\app_timer2.c(136): error:  #136: struct "app_timer_t" has no field "end_val"
      uint64_t p1_end = p1->end_val;
..\..\components\libraries\timer\app_timer2.c(162): error:  #136: struct "app_timer_t" has no field "handler"
      
SSERT(p_timer->handler);
..\..\components\libraries\timer\app_timer2.c(165): error:  #136: struct "app_timer_t" has no field "active"
      if ((m_global_active == 
rue) && (p_timer != 
ULL) && (p_timer->active))
..\..\components\libraries\timer\app_timer2.c(167): error:  #136: struct "app_timer_t" has no field "end_val"
          if (get_now() >= p_timer->end_val) {
..\..\components\libraries\timer\app_timer2.c(169): error:  #136: struct "app_timer_t" has no field "repeat_period"
              if (p_timer->repeat_period == 0)
..\..\components\libraries\timer\app_timer2.c(171): error:  #136: struct "app_timer_t" has no field "active"
                  p_timer->active = false;
..\..\components\libraries\timer\app_timer2.c(183): error:  #136: struct "app_timer_t" has no field "p_context"
              
RF_LOG_DEBUG("Timer expired (context: %d)", (uint32_t)p_timer->p_context)
..\..\components\libraries\timer\app_timer2.c(184): error:  #136: struct "app_timer_t" has no field "handler"
              p_timer->handler(p_timer->p_context);
..\..\components\libraries\timer\app_timer2.c(184): error:  #136: struct "app_timer_t" has no field "p_context"
              p_timer->handler(p_timer->p_context);
..\..\components\libraries\timer\app_timer2.c(187): error:  #136: struct "app_timer_t" has no field "repeat_period"
              if ((p_timer->repeat_period) && (p_timer->active))
..\..\components\libraries\timer\app_timer2.c(187): error:  #136: struct "app_timer_t" has no field "active"
              if ((p_timer->repeat_period) && (p_timer->active))
..\..\components\libraries\timer\app_timer2.c(189): error:  #136: struct "app_timer_t" has no field "end_val"
                  p_timer->end_val += p_timer->repeat_period;
..\..\components\libraries\timer\app_timer2.c(189): error:  #136: struct "app_timer_t" has no field "repeat_period"
                  p_timer->end_val += p_timer->repeat_period;
..\..\components\libraries\timer\app_timer2.c(190): error:  #136: struct "app_timer_t" has no field "list_item"
                  nrf_sortlist_add(&m_app_timer_sortlist, &p_timer->list_item);
..\..\components\libraries\timer\app_timer2.c(196): error:  #136: struct "app_timer_t" has no field "list_item"
              nrf_sortlist_add(&m_app_timer_sortlist, &p_timer->list_item);
..\..\components\libraries\timer\app_timer2.c(220): error:  #136: struct "app_timer_t" has no field "end_val"
      int64_t remaining = (int64_t)(p_timer->end_val - get_now());
..\..\components\libraries\timer\app_timer2.c(224): error:  #136: struct "app_timer_t" has no field "end_val"
                  (app_timer_cnt_get() + 
PP_TIMER_RTC_MAX_VALUE) : p_timer->end_val;
..\..\components\libraries\timer\app_timer2.c(254): error:  #136: struct "app_timer_t" has no field "list_item"
      return p_next_item ? 
ONTAINER_OF(p_next_item, app_timer_t, list_item) : NULL;
..\..\components\libraries\timer\app_timer2.c(260): error:  #136: struct "app_timer_t" has no field "list_item"
      return p_next_item ? 
ONTAINER_OF(p_next_item, app_timer_t, list_item) : NULL;
..\..\components\libraries\timer\app_timer2.c(274): error:  #136: struct "app_timer_t" has no field "active"
              p_next->active = false;
..\..\components\libraries\timer\app_timer2.c(340): error:  #136: struct "app_timer_t" has no field "end_val"
              else if (p_next->end_val < mp_active_timer->end_val)
..\..\components\libraries\timer\app_timer2.c(340): error:  #136: struct "app_timer_t" has no field "end_val"
              else if (p_next->end_val < mp_active_timer->end_val)
..\..\components\libraries\timer\app_timer2.c(345): error:  #136: struct "app_timer_t" has no field "active"
                  if (mp_active_timer->active)
..\..\components\libraries\timer\app_timer2.c(348): error:  #136: struct "app_timer_t" has no field "list_item"
                      nrf_sortlist_add(&m_app_timer_sortlist, &mp_active_timer->list_item);
..\..\components\libraries\timer\app_timer2.c(356): error:  #136: struct "app_timer_t" has no field "end_val"
                  
RF_LOG_INST_DEBUG(p_next->p_log, "Activating timer (CC:%d/%08x).", p_next->end_val, p_next->end_val);
..\..\components\libraries\timer\app_timer2.c(356): error:  #136: struct "app_timer_t" has no field "end_val"
                  
RF_LOG_INST_DEBUG(p_next->p_log, "Activating timer (CC:%d/%08x).", p_next->end_val, p_next->end_val);
..\..\components\libraries\timer\app_timer2.c: 0 warnings, 30 errors
compiling main.c...
".\Objects\NRF52832_First_Demo.axf" - 32 Error(s), 1 Warning(s).

<h2>Software Packages used:</h2>

Package Vendor: ARM
                http://www.keil.com/pack/ARM.CMSIS.5.0.0-Beta4.pack
                ARM::CMSIS:CORE:5.0.0
                CMSIS (Cortex Microcontroller Software Interface Standard)
   * Component: CORE Version: 5.0.0

Package Vendor: NordicSemiconductor
                http://developer.nordicsemi.com/nRF5_SDK/pieces/nRF_DeviceFamilyPack/NordicSemiconductor.nRF_DeviceFamilyPack.8.6.1.pack
                NordicSemiconductor::Device:Startup:8.6.1
                Nordic Semiconductor nRF ARM devices Device Family Pack.
   * Component: Startup Version: 8.6.1

<h2>Collection of Component include folders:</h2>
  F:\Embedded_Technology\NRF_Series\workspace\NRF52832_ble_demo\project\mdk5\RTE
  D:\Program Files\MDK\ARM\PACK\ARM\CMSIS\5.0.0-Beta4\CMSIS\Include
  D:\Program Files\MDK\ARM\PACK\NordicSemiconductor\nRF_DeviceFamilyPack\8.6.1\Device\Include

<h2>Collection of Component Files used:</h2>

   * Component: ARM::CMSIS:CORE:5.0.0

   * Component: NordicSemiconductor::Device:Startup:8.6.1
      Source file:   Device\Source\arm\arm_startup_nrf52.s
      Include file:  Device\Include\system_nrf52.h
      Source file:   Device\Source\system_nrf52.c
Target not created.
Build Time Elapsed:  00:00:08
</pre>
</body>
</html>
